<?xml version="1.0" encoding="UTF-8"?>
<testng-results skipped="0" failed="0" ignored="0" total="1" passed="1">
  <reporter-output>
  </reporter-output>
  <suite name="Automation Suite" duration-ms="41265" started-at="2020-05-15T11:07:51 IST" finished-at="2020-05-15T11:08:33 IST">
    <groups>
    </groups>
    <test name="Login Test on Chrome" duration-ms="41265" started-at="2020-05-15T11:07:51 IST" finished-at="2020-05-15T11:08:33 IST">
      <class name="functionality.loginPageTest">
        <test-method status="PASS" signature="setUp(java.lang.String, java.lang.String, java.lang.String)[pri:0, instance:functionality.loginPageTest@614ddd49]" name="setUp" is-config="true" duration-ms="20541" started-at="2020-05-15T11:07:51 IST" finished-at="2020-05-15T11:08:12 IST">
          <params>
            <param index="0">
              <value>
                <![CDATA[chrome]]>
              </value>
            </param>
            <param index="1">
              <value>
                <![CDATA[local]]>
              </value>
            </param>
            <param index="2">
              <value>
                <![CDATA[windows 7]]>
              </value>
            </param>
          </params>
          <reporter-output>
          </reporter-output>
        </test-method> <!-- setUp -->
        <test-method status="PASS" signature="LoginPageScenarioTest()[pri:0, instance:functionality.loginPageTest@614ddd49]" name="LoginPageScenarioTest" duration-ms="13768" started-at="2020-05-15T11:08:12 IST" finished-at="2020-05-15T11:08:26 IST">
          <reporter-output>
          </reporter-output>
        </test-method> <!-- LoginPageScenarioTest -->
        <test-method status="PASS" signature="teardown()[pri:0, instance:functionality.loginPageTest@614ddd49]" name="teardown" is-config="true" duration-ms="6821" started-at="2020-05-15T11:08:26 IST" finished-at="2020-05-15T11:08:33 IST">
          <reporter-output>
          </reporter-output>
        </test-method> <!-- teardown -->
      </class> <!-- functionality.loginPageTest -->
    </test> <!-- Login Test on Chrome -->
  </suite> <!-- Automation Suite -->
</testng-results>
